  [1m[35m (391.9ms)[0m  [1m[35mCREATE DATABASE "DTCoffee_development" ENCODING = 'unicode'[0m
  ↳ bin/rails:9
  [1m[35m (93.0ms)[0m  [1m[35mCREATE DATABASE "DTCoffee_test" ENCODING = 'unicode'[0m
  ↳ bin/rails:9
  [1m[35m (83.8ms)[0m  [1m[35mCREATE TABLE "schema_migrations" ("version" character varying NOT NULL PRIMARY KEY)[0m
  ↳ bin/rails:9
  [1m[35m (41.8ms)[0m  [1m[35mCREATE TABLE "ar_internal_metadata" ("key" character varying NOT NULL PRIMARY KEY, "value" character varying, "created_at" timestamp NOT NULL, "updated_at" timestamp NOT NULL)[0m
  ↳ bin/rails:9
  [1m[35m (2.6ms)[0m  [1m[34mSELECT pg_try_advisory_lock(7252881289886375535)[0m
  ↳ bin/rails:9
  [1m[35m (1.4ms)[0m  [1m[34mSELECT "schema_migrations"."version" FROM "schema_migrations" ORDER BY "schema_migrations"."version" ASC[0m
  ↳ bin/rails:9
Migrating to CreateUsers (20200427215431)
  [1m[35m (0.3ms)[0m  [1m[35mBEGIN[0m
  ↳ bin/rails:9
  [1m[35m (41.3ms)[0m  [1m[35mCREATE TABLE "users" ("id" bigserial primary key, "username" character varying NOT NULL, "email" character varying NOT NULL, "password_digest" character varying NOT NULL, "session_token" character varying NOT NULL, "created_at" timestamp NOT NULL, "updated_at" timestamp NOT NULL)[0m
  ↳ db/migrate/20200427215431_create_users.rb:3
  [1m[35m (4.4ms)[0m  [1m[35mCREATE UNIQUE INDEX  "index_users_on_username" ON "users"  ("username")[0m
  ↳ db/migrate/20200427215431_create_users.rb:10
  [1m[35m (5.0ms)[0m  [1m[35mCREATE UNIQUE INDEX  "index_users_on_email" ON "users"  ("email")[0m
  ↳ db/migrate/20200427215431_create_users.rb:11
  [1m[35m (5.3ms)[0m  [1m[35mCREATE UNIQUE INDEX  "index_users_on_session_token" ON "users"  ("session_token")[0m
  ↳ db/migrate/20200427215431_create_users.rb:12
  [1m[36mActiveRecord::SchemaMigration Create (1.2ms)[0m  [1m[32mINSERT INTO "schema_migrations" ("version") VALUES ($1) RETURNING "version"[0m  [["version", "20200427215431"]]
  ↳ bin/rails:9
  [1m[35m (2.3ms)[0m  [1m[35mCOMMIT[0m
  ↳ bin/rails:9
  [1m[36mActiveRecord::InternalMetadata Load (1.1ms)[0m  [1m[34mSELECT  "ar_internal_metadata".* FROM "ar_internal_metadata" WHERE "ar_internal_metadata"."key" = $1 LIMIT $2[0m  [["key", "environment"], ["LIMIT", 1]]
  ↳ bin/rails:9
  [1m[35m (0.2ms)[0m  [1m[35mBEGIN[0m
  ↳ bin/rails:9
  [1m[36mActiveRecord::InternalMetadata Create (2.3ms)[0m  [1m[32mINSERT INTO "ar_internal_metadata" ("key", "value", "created_at", "updated_at") VALUES ($1, $2, $3, $4) RETURNING "key"[0m  [["key", "environment"], ["value", "development"], ["created_at", "2020-04-27 21:58:16.981811"], ["updated_at", "2020-04-27 21:58:16.981811"]]
  ↳ bin/rails:9
  [1m[35m (39.7ms)[0m  [1m[35mCOMMIT[0m
  ↳ bin/rails:9
  [1m[35m (0.5ms)[0m  [1m[34mSELECT pg_advisory_unlock(7252881289886375535)[0m
  ↳ bin/rails:9
  [1m[35m (0.7ms)[0m  [1m[34mSELECT "schema_migrations"."version" FROM "schema_migrations" ORDER BY "schema_migrations"."version" ASC[0m
  ↳ bin/rails:9
  [1m[35m (2.1ms)[0m  [1m[34mSELECT "schema_migrations"."version" FROM "schema_migrations" ORDER BY "schema_migrations"."version" ASC[0m
  ↳ /Users/peterkoe/.rbenv/versions/2.5.1/bin/annotate:23
Started GET "/" for ::1 at 2020-04-28 12:03:47 -0700
  [1m[35m (6.0ms)[0m  [1m[34mSELECT "schema_migrations"."version" FROM "schema_migrations" ORDER BY "schema_migrations"."version" ASC[0m
  ↳ /Users/peterkoe/.rbenv/versions/2.5.1/lib/ruby/gems/2.5.0/gems/activerecord-5.2.4.2/lib/active_record/log_subscriber.rb:98

ActionController::RoutingError - uninitialized constant RootController:

Started POST "/__better_errors/a704e6620ac1e7ff/variables" for ::1 at 2020-04-28 12:03:48 -0700
Started GET "/" for ::1 at 2020-04-28 12:05:15 -0700
  [1m[35m (1.7ms)[0m  [1m[34mSELECT "schema_migrations"."version" FROM "schema_migrations" ORDER BY "schema_migrations"."version" ASC[0m
  ↳ /Users/peterkoe/.rbenv/versions/2.5.1/lib/ruby/gems/2.5.0/gems/activerecord-5.2.4.2/lib/active_record/log_subscriber.rb:98
Processing by StaticPagesController#root as HTML
  Rendering static_pages/root.html.erb within layouts/application
  Rendered static_pages/root.html.erb within layouts/application (241.3ms)
Completed 500 Internal Server Error in 266ms (ActiveRecord: 0.0ms)



ActionView::Template::Error - undefined method `logged_in?' for #<#<Class:0x00007ff9176f5348>:0x00007ff9176fc8c8>
Did you mean?  logger?:
  app/views/static_pages/root.html.erb:1:in `_app_views_static_pages_root_html_erb__2652151338826578221_70353908380020'

Started POST "/__better_errors/d3d109261c176dfe/variables" for ::1 at 2020-04-28 12:05:16 -0700
Started GET "/" for ::1 at 2020-04-28 12:06:17 -0700
Processing by StaticPagesController#root as HTML
  Rendering static_pages/root.html.erb within layouts/application
  Rendered static_pages/root.html.erb within layouts/application (298.3ms)
Completed 500 Internal Server Error in 307ms (ActiveRecord: 0.0ms)



ActionView::Template::Error - undefined method `logged_in?' for #<#<Class:0x00007ff9176f5348>:0x00007ff91c04ae08>
Did you mean?  logger?:
  app/views/static_pages/root.html.erb:1:in `_app_views_static_pages_root_html_erb__2652151338826578221_70353946828220'

Started POST "/__better_errors/a38cd0f81fafb0ce/variables" for ::1 at 2020-04-28 12:06:18 -0700
Started GET "/" for ::1 at 2020-04-28 12:06:21 -0700
Processing by StaticPagesController#root as HTML
  Rendering static_pages/root.html.erb within layouts/application
  Rendered static_pages/root.html.erb within layouts/application (250.4ms)
Completed 500 Internal Server Error in 263ms (ActiveRecord: 0.0ms)



ActionView::Template::Error - undefined method `logged_in?' for #<#<Class:0x00007ff9176f5348>:0x00007ff91c0aa268>
Did you mean?  logger?:
  app/views/static_pages/root.html.erb:1:in `_app_views_static_pages_root_html_erb__2652151338826578221_70353947022940'

Started POST "/__better_errors/6567cb6df711cc49/variables" for ::1 at 2020-04-28 12:06:21 -0700
Started GET "/" for ::1 at 2020-04-28 12:06:36 -0700
Processing by StaticPagesController#root as HTML
  Rendering static_pages/root.html.erb within layouts/application
  Rendered static_pages/root.html.erb within layouts/application (230.7ms)
Completed 500 Internal Server Error in 239ms (ActiveRecord: 0.0ms)



ActionView::Template::Error - undefined method `logged_in?' for #<#<Class:0x00007ff9176f5348>:0x00007ff917f3bd18>
Did you mean?  logger?:
  app/views/static_pages/root.html.erb:1:in `_app_views_static_pages_root_html_erb__2652151338826578221_70353908663960'

Started POST "/__better_errors/6ab880c7e2382598/variables" for ::1 at 2020-04-28 12:06:36 -0700
Started GET "/" for ::1 at 2020-04-28 12:06:37 -0700
Processing by StaticPagesController#root as HTML
  Rendering static_pages/root.html.erb within layouts/application
  Rendered static_pages/root.html.erb within layouts/application (239.7ms)
Completed 500 Internal Server Error in 256ms (ActiveRecord: 0.0ms)



ActionView::Template::Error - undefined method `logged_in?' for #<#<Class:0x00007ff9176f5348>:0x00007ff9181420d0>
Did you mean?  logger?:
  app/views/static_pages/root.html.erb:1:in `_app_views_static_pages_root_html_erb__2652151338826578221_70353913780640'

Started POST "/__better_errors/b5c1f7645ea132ec/variables" for ::1 at 2020-04-28 12:06:37 -0700
Started GET "/" for ::1 at 2020-04-28 12:07:05 -0700
Processing by StaticPagesController#root as HTML
  Rendering static_pages/root.html.erb within layouts/application
  Rendered static_pages/root.html.erb within layouts/application (289.9ms)
Completed 500 Internal Server Error in 311ms (ActiveRecord: 0.0ms)



ActionView::Template::Error - undefined method `logged_in?' for #<#<Class:0x00007ff91b882068>:0x00007ff91b87a930>
Did you mean?  logged_in:
  app/views/static_pages/root.html.erb:1:in `_app_views_static_pages_root_html_erb__2652151338826578221_70353942746460'

Started POST "/__better_errors/530cc2b4affc3cf8/variables" for ::1 at 2020-04-28 12:07:06 -0700
Started GET "/" for ::1 at 2020-04-28 12:07:08 -0700
Processing by StaticPagesController#root as HTML
  Rendering static_pages/root.html.erb within layouts/application
  Rendered static_pages/root.html.erb within layouts/application (288.7ms)
Completed 500 Internal Server Error in 301ms (ActiveRecord: 0.0ms)



ActionView::Template::Error - undefined method `logged_in?' for #<#<Class:0x00007ff91b882068>:0x00007ff917c6ba20>
Did you mean?  logged_in:
  app/views/static_pages/root.html.erb:1:in `_app_views_static_pages_root_html_erb__2652151338826578221_70353913432200'

Started POST "/__better_errors/983a587a211daa9a/variables" for ::1 at 2020-04-28 12:07:09 -0700
Started GET "/" for ::1 at 2020-04-28 12:08:04 -0700
  [1m[35m (1.6ms)[0m  [1m[34mSELECT "schema_migrations"."version" FROM "schema_migrations" ORDER BY "schema_migrations"."version" ASC[0m
  ↳ /Users/peterkoe/.rbenv/versions/2.5.1/lib/ruby/gems/2.5.0/gems/activerecord-5.2.4.2/lib/active_record/log_subscriber.rb:98
Processing by StaticPagesController#root as HTML
  Rendering static_pages/root.html.erb within layouts/application
  Rendered static_pages/root.html.erb within layouts/application (298.5ms)
Completed 500 Internal Server Error in 331ms (ActiveRecord: 0.0ms)



ActionView::Template::Error - undefined method `logged_in?' for #<#<Class:0x00007fdc25d97408>:0x00007fdc264e68f8>
Did you mean?  logged_in:

Started POST "/__better_errors/7c9eea4715e4418c/variables" for ::1 at 2020-04-28 12:08:05 -0700
Started GET "/" for ::1 at 2020-04-28 12:08:42 -0700
Processing by StaticPagesController#root as HTML
  Rendering static_pages/root.html.erb within layouts/application
  Rendered static_pages/root.html.erb within layouts/application (27.9ms)
Completed 200 OK in 2082ms (Views: 2079.0ms | ActiveRecord: 0.0ms)


Started GET "/" for ::1 at 2020-04-28 12:17:27 -0700
Processing by StaticPagesController#root as HTML
  Rendering static_pages/root.html.erb within layouts/application
  Rendered static_pages/root.html.erb within layouts/application (2.8ms)
Completed 200 OK in 500ms (Views: 496.9ms | ActiveRecord: 0.0ms)


  [1m[35m (3.0ms)[0m  [1m[34mSELECT pg_try_advisory_lock(7252881289886375535)[0m
  ↳ bin/rails:9
  [1m[35m (1.4ms)[0m  [1m[34mSELECT "schema_migrations"."version" FROM "schema_migrations" ORDER BY "schema_migrations"."version" ASC[0m
  ↳ bin/rails:9
Migrating to DropUsername (20200428192902)
  [1m[35m (40.7ms)[0m  [1m[35mBEGIN[0m
  ↳ bin/rails:9
  [1m[35m (35.8ms)[0m  [1m[35mALTER TABLE "users" DROP COLUMN "username"[0m
  ↳ db/migrate/20200428192902_drop_username.rb:3
  [1m[36mActiveRecord::SchemaMigration Create (5.6ms)[0m  [1m[32mINSERT INTO "schema_migrations" ("version") VALUES ($1) RETURNING "version"[0m  [["version", "20200428192902"]]
  ↳ bin/rails:9
  [1m[35m (6.1ms)[0m  [1m[35mCOMMIT[0m
  ↳ bin/rails:9
  [1m[36mActiveRecord::InternalMetadata Load (45.0ms)[0m  [1m[34mSELECT  "ar_internal_metadata".* FROM "ar_internal_metadata" WHERE "ar_internal_metadata"."key" = $1 LIMIT $2[0m  [["key", "environment"], ["LIMIT", 1]]
  ↳ bin/rails:9
  [1m[35m (0.2ms)[0m  [1m[35mBEGIN[0m
  ↳ bin/rails:9
  [1m[35m (0.2ms)[0m  [1m[35mCOMMIT[0m
  ↳ bin/rails:9
  [1m[35m (0.3ms)[0m  [1m[34mSELECT pg_advisory_unlock(7252881289886375535)[0m
  ↳ bin/rails:9
  [1m[35m (0.4ms)[0m  [1m[34mSELECT "schema_migrations"."version" FROM "schema_migrations" ORDER BY "schema_migrations"."version" ASC[0m
  ↳ bin/rails:9
  [1m[35m (1.4ms)[0m  [1m[34mSELECT "schema_migrations"."version" FROM "schema_migrations" ORDER BY "schema_migrations"."version" ASC[0m
  ↳ /Users/peterkoe/.rbenv/versions/2.5.1/bin/annotate:23
Started GET "/" for ::1 at 2020-04-28 12:33:19 -0700
  [1m[35m (1.4ms)[0m  [1m[34mSELECT "schema_migrations"."version" FROM "schema_migrations" ORDER BY "schema_migrations"."version" ASC[0m
  ↳ /Users/peterkoe/.rbenv/versions/2.5.1/lib/ruby/gems/2.5.0/gems/activerecord-5.2.4.2/lib/active_record/log_subscriber.rb:98
Processing by StaticPagesController#root as HTML
  Rendering static_pages/root.html.erb within layouts/application
  Rendered static_pages/root.html.erb within layouts/application (9.5ms)
Completed 200 OK in 2301ms (Views: 2297.5ms | ActiveRecord: 0.0ms)


Started GET "/" for ::1 at 2020-04-28 12:41:52 -0700
Processing by StaticPagesController#root as HTML
  Rendering static_pages/root.html.erb within layouts/application
  Rendered static_pages/root.html.erb within layouts/application (1.0ms)
Completed 200 OK in 489ms (Views: 487.1ms | ActiveRecord: 0.0ms)


Started GET "/" for ::1 at 2020-04-28 12:41:54 -0700
Processing by StaticPagesController#root as HTML
  Rendering static_pages/root.html.erb within layouts/application
  Rendered static_pages/root.html.erb within layouts/application (1.9ms)
Completed 200 OK in 68ms (Views: 64.6ms | ActiveRecord: 0.0ms)


Started GET "/" for ::1 at 2020-04-28 12:42:36 -0700
Processing by StaticPagesController#root as HTML
  Rendering static_pages/root.html.erb within layouts/application
  Rendered static_pages/root.html.erb within layouts/application (14.0ms)
Completed 200 OK in 593ms (Views: 587.8ms | ActiveRecord: 0.0ms)


Started GET "/" for ::1 at 2020-04-28 12:47:19 -0700
Processing by StaticPagesController#root as HTML
  Rendering static_pages/root.html.erb within layouts/application
  Rendered static_pages/root.html.erb within layouts/application (1.7ms)
Completed 200 OK in 114ms (Views: 111.0ms | ActiveRecord: 0.0ms)


Started GET "/" for ::1 at 2020-04-28 12:51:33 -0700
Processing by StaticPagesController#root as HTML
  Rendering static_pages/root.html.erb within layouts/application
  Rendered static_pages/root.html.erb within layouts/application (10.0ms)
Completed 200 OK in 735ms (Views: 731.1ms | ActiveRecord: 0.0ms)


Started GET "/" for ::1 at 2020-04-28 12:52:12 -0700
Processing by StaticPagesController#root as HTML
  Rendering static_pages/root.html.erb within layouts/application
  Rendered static_pages/root.html.erb within layouts/application (3.5ms)
Completed 200 OK in 110ms (Views: 107.9ms | ActiveRecord: 0.0ms)


Started GET "/" for ::1 at 2020-04-28 12:52:37 -0700
Processing by StaticPagesController#root as HTML
  Rendering static_pages/root.html.erb within layouts/application
  Rendered static_pages/root.html.erb within layouts/application (1.5ms)
Completed 200 OK in 92ms (Views: 89.8ms | ActiveRecord: 0.0ms)


Started GET "/" for ::1 at 2020-04-28 12:52:39 -0700
Processing by StaticPagesController#root as HTML
  Rendering static_pages/root.html.erb within layouts/application
  Rendered static_pages/root.html.erb within layouts/application (4.7ms)
Completed 200 OK in 118ms (Views: 115.2ms | ActiveRecord: 0.0ms)


Started GET "/" for ::1 at 2020-04-28 12:53:34 -0700
Processing by StaticPagesController#root as HTML
  Rendering static_pages/root.html.erb within layouts/application
  Rendered static_pages/root.html.erb within layouts/application (2.8ms)
Completed 200 OK in 512ms (Views: 509.1ms | ActiveRecord: 0.0ms)


Started GET "/" for ::1 at 2020-04-28 12:54:35 -0700
Processing by StaticPagesController#root as HTML
  Rendering static_pages/root.html.erb within layouts/application
  Rendered static_pages/root.html.erb within layouts/application (1.3ms)
Completed 200 OK in 124ms (Views: 119.9ms | ActiveRecord: 0.0ms)


Started GET "/" for ::1 at 2020-04-28 12:56:16 -0700
Processing by StaticPagesController#root as HTML
  Rendering static_pages/root.html.erb within layouts/application
  Rendered static_pages/root.html.erb within layouts/application (1.7ms)
Completed 200 OK in 105ms (Views: 100.6ms | ActiveRecord: 0.0ms)


Started GET "/" for ::1 at 2020-04-28 12:56:38 -0700
Processing by StaticPagesController#root as HTML
  Rendering static_pages/root.html.erb within layouts/application
  Rendered static_pages/root.html.erb within layouts/application (1.2ms)
Completed 200 OK in 120ms (Views: 116.1ms | ActiveRecord: 0.0ms)


Started GET "/" for ::1 at 2020-04-28 12:57:00 -0700
Processing by StaticPagesController#root as HTML
  Rendering static_pages/root.html.erb within layouts/application
  Rendered static_pages/root.html.erb within layouts/application (1.1ms)
Completed 200 OK in 143ms (Views: 140.2ms | ActiveRecord: 0.0ms)


Started GET "/" for ::1 at 2020-04-28 12:57:30 -0700
Processing by StaticPagesController#root as HTML
  Rendering static_pages/root.html.erb within layouts/application
  Rendered static_pages/root.html.erb within layouts/application (1.0ms)
Completed 200 OK in 77ms (Views: 73.7ms | ActiveRecord: 0.0ms)


Started GET "/" for ::1 at 2020-04-28 12:58:36 -0700
Processing by StaticPagesController#root as HTML
  Rendering static_pages/root.html.erb within layouts/application
  Rendered static_pages/root.html.erb within layouts/application (2.4ms)
Completed 200 OK in 637ms (Views: 628.9ms | ActiveRecord: 0.0ms)


Started GET "/" for ::1 at 2020-04-28 12:59:15 -0700
Processing by StaticPagesController#root as HTML
  Rendering static_pages/root.html.erb within layouts/application
  Rendered static_pages/root.html.erb within layouts/application (2.3ms)
Completed 200 OK in 185ms (Views: 166.5ms | ActiveRecord: 0.0ms)


Started GET "/" for ::1 at 2020-04-28 14:44:26 -0700
Processing by StaticPagesController#root as HTML
  Rendering static_pages/root.html.erb within layouts/application
  Rendered static_pages/root.html.erb within layouts/application (8.1ms)
Completed 200 OK in 802ms (Views: 798.8ms | ActiveRecord: 0.0ms)


Started GET "/" for ::1 at 2020-04-28 14:45:36 -0700
Processing by StaticPagesController#root as HTML
  Rendering static_pages/root.html.erb within layouts/application
  Rendered static_pages/root.html.erb within layouts/application (3.1ms)
Completed 200 OK in 516ms (Views: 514.4ms | ActiveRecord: 0.0ms)


Started GET "/" for ::1 at 2020-04-28 14:47:04 -0700
  [1m[35m (3.2ms)[0m  [1m[34mSELECT "schema_migrations"."version" FROM "schema_migrations" ORDER BY "schema_migrations"."version" ASC[0m
  ↳ /Users/peterkoe/.rbenv/versions/2.5.1/lib/ruby/gems/2.5.0/gems/activerecord-5.2.4.2/lib/active_record/log_subscriber.rb:98
Processing by StaticPagesController#root as HTML
  Rendering static_pages/root.html.erb within layouts/application
  Rendered static_pages/root.html.erb within layouts/application (17.1ms)
Completed 200 OK in 2552ms (Views: 2548.7ms | ActiveRecord: 0.0ms)


Started GET "/" for ::1 at 2020-04-28 14:47:43 -0700
  [1m[35m (1.6ms)[0m  [1m[34mSELECT "schema_migrations"."version" FROM "schema_migrations" ORDER BY "schema_migrations"."version" ASC[0m
  ↳ /Users/peterkoe/.rbenv/versions/2.5.1/lib/ruby/gems/2.5.0/gems/activerecord-5.2.4.2/lib/active_record/log_subscriber.rb:98
Processing by StaticPagesController#root as HTML
  Rendering static_pages/root.html.erb within layouts/application
  Rendered static_pages/root.html.erb within layouts/application (18.2ms)
Completed 200 OK in 2278ms (Views: 2269.3ms | ActiveRecord: 0.0ms)


Started GET "/" for ::1 at 2020-04-28 15:03:07 -0700
Processing by StaticPagesController#root as HTML
  Rendering static_pages/root.html.erb within layouts/application
  Rendered static_pages/root.html.erb within layouts/application (6.8ms)
Completed 200 OK in 628ms (Views: 625.3ms | ActiveRecord: 0.0ms)


